[2012/06/02 04:16:32.590] [ERROR] [pool-7-thread-117] DefaultExceptionHandler exceptionCaught 
java.lang.NullPointerException
	at org.jboss.netty.buffer.ChannelBuffers.copiedBuffer(ChannelBuffers.java:564)
	at com.eincs.pantheon.handler.codec.http.PanteonHttpHandler.writeResponse(PanteonHttpHandler.java:275)
	at com.eincs.pantheon.handler.codec.http.PanteonHttpHandler.access$10(PanteonHttpHandler.java:247)
	at com.eincs.pantheon.handler.codec.http.PanteonHttpHandler$AbstractInvokeState.writeRequested(PanteonHttpHandler.java:303)
	at com.eincs.pantheon.handler.codec.http.PanteonHttpHandler.writeRequested(PanteonHttpHandler.java:106)
	at org.jboss.netty.handler.execution.ExecutionHandler.handleDownstream(ExecutionHandler.java:165)
	at com.eincs.pantheon.handler.codec.http.PanteonHttpProcessor.writeRequested(PanteonHttpProcessor.java:125)
	at org.jboss.netty.channel.Channels.write(Channels.java:605)
	at org.jboss.netty.channel.Channels.write(Channels.java:572)
	at com.eincs.pantheon.handler.codec.http.PanteonHttpHandler$1.messageReceived(PanteonHttpHandler.java:133)
	at com.eincs.pantheon.handler.codec.http.PanteonHttpHandler.messageReceived(PanteonHttpHandler.java:89)
	at org.jboss.netty.handler.codec.http.HttpContentEncoder.messageReceived(HttpContentEncoder.java:79)
	at org.jboss.netty.channel.Channels.fireMessageReceived(Channels.java:296)
	at org.jboss.netty.handler.codec.replay.ReplayingDecoder.unfoldAndFireMessageReceived(ReplayingDecoder.java:522)
	at org.jboss.netty.handler.codec.replay.ReplayingDecoder.callDecode(ReplayingDecoder.java:501)
	at org.jboss.netty.handler.codec.replay.ReplayingDecoder.messageReceived(ReplayingDecoder.java:438)
	at org.jboss.netty.channel.Channels.fireMessageReceived(Channels.java:268)
	at org.jboss.netty.channel.Channels.fireMessageReceived(Channels.java:255)
	at org.jboss.netty.channel.socket.nio.NioWorker.read(NioWorker.java:343)
	at org.jboss.netty.channel.socket.nio.NioWorker.processSelectedKeys(NioWorker.java:274)
	at org.jboss.netty.channel.socket.nio.NioWorker.run(NioWorker.java:194)
	at java.util.concurrent.ThreadPoolExecutor$Worker.runTask(ThreadPoolExecutor.java:886)
	at java.util.concurrent.ThreadPoolExecutor$Worker.run(ThreadPoolExecutor.java:908)
	at java.lang.Thread.run(Thread.java:680)
[2012/06/02 04:19:22.238] [ERROR] [pool-5-thread-8] DefaultExceptionHandler exceptionCaught 
java.lang.NullPointerException
	at org.jboss.netty.buffer.ChannelBuffers.copiedBuffer(ChannelBuffers.java:564)
	at com.eincs.pantheon.handler.codec.http.PanteonHttpHandler.writeResponse(PanteonHttpHandler.java:275)
	at com.eincs.pantheon.handler.codec.http.PanteonHttpHandler.access$10(PanteonHttpHandler.java:247)
	at com.eincs.pantheon.handler.codec.http.PanteonHttpHandler$AbstractInvokeState.writeRequested(PanteonHttpHandler.java:303)
	at com.eincs.pantheon.handler.codec.http.PanteonHttpHandler.writeRequested(PanteonHttpHandler.java:106)
	at org.jboss.netty.handler.execution.ExecutionHandler.handleDownstream(ExecutionHandler.java:165)
	at com.eincs.pantheon.handler.codec.http.PanteonHttpProcessor.writeRequested(PanteonHttpProcessor.java:125)
	at org.jboss.netty.channel.Channels.write(Channels.java:605)
	at org.jboss.netty.channel.Channels.write(Channels.java:572)
	at com.eincs.pantheon.handler.codec.http.PanteonHttpHandler$1.messageReceived(PanteonHttpHandler.java:133)
	at com.eincs.pantheon.handler.codec.http.PanteonHttpHandler.messageReceived(PanteonHttpHandler.java:89)
	at org.jboss.netty.handler.codec.http.HttpContentEncoder.messageReceived(HttpContentEncoder.java:79)
	at org.jboss.netty.channel.Channels.fireMessageReceived(Channels.java:296)
	at org.jboss.netty.handler.codec.replay.ReplayingDecoder.unfoldAndFireMessageReceived(ReplayingDecoder.java:522)
	at org.jboss.netty.handler.codec.replay.ReplayingDecoder.callDecode(ReplayingDecoder.java:501)
	at org.jboss.netty.handler.codec.replay.ReplayingDecoder.messageReceived(ReplayingDecoder.java:438)
	at org.jboss.netty.channel.Channels.fireMessageReceived(Channels.java:268)
	at org.jboss.netty.channel.Channels.fireMessageReceived(Channels.java:255)
	at org.jboss.netty.channel.socket.nio.NioWorker.read(NioWorker.java:343)
	at org.jboss.netty.channel.socket.nio.NioWorker.processSelectedKeys(NioWorker.java:274)
	at org.jboss.netty.channel.socket.nio.NioWorker.run(NioWorker.java:194)
	at java.util.concurrent.ThreadPoolExecutor$Worker.runTask(ThreadPoolExecutor.java:886)
	at java.util.concurrent.ThreadPoolExecutor$Worker.run(ThreadPoolExecutor.java:908)
	at java.lang.Thread.run(Thread.java:680)
[2012/06/02 04:20:35.967] [ERROR] [pool-5-thread-8] DefaultExceptionHandler exceptionCaught 
java.lang.NullPointerException
	at org.jboss.netty.buffer.ChannelBuffers.copiedBuffer(ChannelBuffers.java:564)
	at com.eincs.pantheon.handler.codec.http.PanteonHttpHandler.writeResponse(PanteonHttpHandler.java:275)
	at com.eincs.pantheon.handler.codec.http.PanteonHttpHandler.access$10(PanteonHttpHandler.java:247)
	at com.eincs.pantheon.handler.codec.http.PanteonHttpHandler$AbstractInvokeState.writeRequested(PanteonHttpHandler.java:303)
	at com.eincs.pantheon.handler.codec.http.PanteonHttpHandler.writeRequested(PanteonHttpHandler.java:106)
	at org.jboss.netty.handler.execution.ExecutionHandler.handleDownstream(ExecutionHandler.java:165)
	at com.eincs.pantheon.handler.codec.http.PanteonHttpProcessor.writeRequested(PanteonHttpProcessor.java:125)
	at org.jboss.netty.channel.Channels.write(Channels.java:605)
	at org.jboss.netty.channel.Channels.write(Channels.java:572)
	at com.eincs.pantheon.handler.codec.http.PanteonHttpHandler$1.messageReceived(PanteonHttpHandler.java:133)
	at com.eincs.pantheon.handler.codec.http.PanteonHttpHandler.messageReceived(PanteonHttpHandler.java:89)
	at org.jboss.netty.handler.codec.http.HttpContentEncoder.messageReceived(HttpContentEncoder.java:79)
	at org.jboss.netty.channel.Channels.fireMessageReceived(Channels.java:296)
	at org.jboss.netty.handler.codec.replay.ReplayingDecoder.unfoldAndFireMessageReceived(ReplayingDecoder.java:522)
	at org.jboss.netty.handler.codec.replay.ReplayingDecoder.callDecode(ReplayingDecoder.java:501)
	at org.jboss.netty.handler.codec.replay.ReplayingDecoder.messageReceived(ReplayingDecoder.java:438)
	at org.jboss.netty.channel.Channels.fireMessageReceived(Channels.java:268)
	at org.jboss.netty.channel.Channels.fireMessageReceived(Channels.java:255)
	at org.jboss.netty.channel.socket.nio.NioWorker.read(NioWorker.java:343)
	at org.jboss.netty.channel.socket.nio.NioWorker.processSelectedKeys(NioWorker.java:274)
	at org.jboss.netty.channel.socket.nio.NioWorker.run(NioWorker.java:194)
	at java.util.concurrent.ThreadPoolExecutor$Worker.runTask(ThreadPoolExecutor.java:886)
	at java.util.concurrent.ThreadPoolExecutor$Worker.run(ThreadPoolExecutor.java:908)
	at java.lang.Thread.run(Thread.java:680)
[2012/06/02 04:21:26.539] [ERROR] [pool-5-thread-8] DefaultExceptionHandler exceptionCaught 
java.lang.NullPointerException
	at org.jboss.netty.buffer.ChannelBuffers.copiedBuffer(ChannelBuffers.java:564)
	at com.eincs.pantheon.handler.codec.http.PanteonHttpHandler.writeResponse(PanteonHttpHandler.java:275)
	at com.eincs.pantheon.handler.codec.http.PanteonHttpHandler.access$10(PanteonHttpHandler.java:247)
	at com.eincs.pantheon.handler.codec.http.PanteonHttpHandler$AbstractInvokeState.writeRequested(PanteonHttpHandler.java:303)
	at com.eincs.pantheon.handler.codec.http.PanteonHttpHandler.writeRequested(PanteonHttpHandler.java:106)
	at org.jboss.netty.handler.execution.ExecutionHandler.handleDownstream(ExecutionHandler.java:165)
	at com.eincs.pantheon.handler.codec.http.PanteonHttpProcessor.writeRequested(PanteonHttpProcessor.java:125)
	at org.jboss.netty.channel.Channels.write(Channels.java:605)
	at org.jboss.netty.channel.Channels.write(Channels.java:572)
	at com.eincs.pantheon.handler.codec.http.PanteonHttpHandler$1.messageReceived(PanteonHttpHandler.java:133)
	at com.eincs.pantheon.handler.codec.http.PanteonHttpHandler.messageReceived(PanteonHttpHandler.java:89)
	at org.jboss.netty.handler.codec.http.HttpContentEncoder.messageReceived(HttpContentEncoder.java:79)
	at org.jboss.netty.channel.Channels.fireMessageReceived(Channels.java:296)
	at org.jboss.netty.handler.codec.replay.ReplayingDecoder.unfoldAndFireMessageReceived(ReplayingDecoder.java:522)
	at org.jboss.netty.handler.codec.replay.ReplayingDecoder.callDecode(ReplayingDecoder.java:501)
	at org.jboss.netty.handler.codec.replay.ReplayingDecoder.messageReceived(ReplayingDecoder.java:438)
	at org.jboss.netty.channel.Channels.fireMessageReceived(Channels.java:268)
	at org.jboss.netty.channel.Channels.fireMessageReceived(Channels.java:255)
	at org.jboss.netty.channel.socket.nio.NioWorker.read(NioWorker.java:343)
	at org.jboss.netty.channel.socket.nio.NioWorker.processSelectedKeys(NioWorker.java:274)
	at org.jboss.netty.channel.socket.nio.NioWorker.run(NioWorker.java:194)
	at java.util.concurrent.ThreadPoolExecutor$Worker.runTask(ThreadPoolExecutor.java:886)
	at java.util.concurrent.ThreadPoolExecutor$Worker.run(ThreadPoolExecutor.java:908)
	at java.lang.Thread.run(Thread.java:680)
[2012/06/02 04:23:06.188] [ERROR] [pool-5-thread-8] DefaultExceptionHandler exceptionCaught 
java.lang.NullPointerException
	at org.jboss.netty.buffer.ChannelBuffers.copiedBuffer(ChannelBuffers.java:564)
	at com.eincs.pantheon.handler.codec.http.PanteonHttpHandler.writeResponse(PanteonHttpHandler.java:275)
	at com.eincs.pantheon.handler.codec.http.PanteonHttpHandler.access$10(PanteonHttpHandler.java:247)
	at com.eincs.pantheon.handler.codec.http.PanteonHttpHandler$AbstractInvokeState.writeRequested(PanteonHttpHandler.java:303)
	at com.eincs.pantheon.handler.codec.http.PanteonHttpHandler.writeRequested(PanteonHttpHandler.java:106)
	at org.jboss.netty.handler.execution.ExecutionHandler.handleDownstream(ExecutionHandler.java:165)
	at com.eincs.pantheon.handler.codec.http.PanteonHttpProcessor.writeRequested(PanteonHttpProcessor.java:125)
	at org.jboss.netty.channel.Channels.write(Channels.java:605)
	at org.jboss.netty.channel.Channels.write(Channels.java:572)
	at com.eincs.pantheon.handler.codec.http.PanteonHttpHandler$1.messageReceived(PanteonHttpHandler.java:133)
	at com.eincs.pantheon.handler.codec.http.PanteonHttpHandler.messageReceived(PanteonHttpHandler.java:89)
	at org.jboss.netty.handler.codec.http.HttpContentEncoder.messageReceived(HttpContentEncoder.java:79)
	at org.jboss.netty.channel.Channels.fireMessageReceived(Channels.java:296)
	at org.jboss.netty.handler.codec.replay.ReplayingDecoder.unfoldAndFireMessageReceived(ReplayingDecoder.java:522)
	at org.jboss.netty.handler.codec.replay.ReplayingDecoder.callDecode(ReplayingDecoder.java:501)
	at org.jboss.netty.handler.codec.replay.ReplayingDecoder.messageReceived(ReplayingDecoder.java:438)
	at org.jboss.netty.channel.Channels.fireMessageReceived(Channels.java:268)
	at org.jboss.netty.channel.Channels.fireMessageReceived(Channels.java:255)
	at org.jboss.netty.channel.socket.nio.NioWorker.read(NioWorker.java:343)
	at org.jboss.netty.channel.socket.nio.NioWorker.processSelectedKeys(NioWorker.java:274)
	at org.jboss.netty.channel.socket.nio.NioWorker.run(NioWorker.java:194)
	at java.util.concurrent.ThreadPoolExecutor$Worker.runTask(ThreadPoolExecutor.java:886)
	at java.util.concurrent.ThreadPoolExecutor$Worker.run(ThreadPoolExecutor.java:908)
	at java.lang.Thread.run(Thread.java:680)
[2012/06/02 04:25:55.115] [ERROR] [pool-5-thread-8] DefaultExceptionHandler exceptionCaught 
java.lang.NullPointerException
	at org.jboss.netty.buffer.ChannelBuffers.copiedBuffer(ChannelBuffers.java:564)
	at com.eincs.pantheon.handler.codec.http.PanteonHttpHandler.writeResponse(PanteonHttpHandler.java:275)
	at com.eincs.pantheon.handler.codec.http.PanteonHttpHandler.access$10(PanteonHttpHandler.java:247)
	at com.eincs.pantheon.handler.codec.http.PanteonHttpHandler$AbstractInvokeState.writeRequested(PanteonHttpHandler.java:303)
	at com.eincs.pantheon.handler.codec.http.PanteonHttpHandler.writeRequested(PanteonHttpHandler.java:106)
	at org.jboss.netty.handler.execution.ExecutionHandler.handleDownstream(ExecutionHandler.java:165)
	at com.eincs.pantheon.handler.codec.http.PanteonHttpProcessor.writeRequested(PanteonHttpProcessor.java:125)
	at org.jboss.netty.channel.Channels.write(Channels.java:605)
	at org.jboss.netty.channel.Channels.write(Channels.java:572)
	at com.eincs.pantheon.handler.codec.http.PanteonHttpHandler$1.messageReceived(PanteonHttpHandler.java:133)
	at com.eincs.pantheon.handler.codec.http.PanteonHttpHandler.messageReceived(PanteonHttpHandler.java:89)
	at org.jboss.netty.handler.codec.http.HttpContentEncoder.messageReceived(HttpContentEncoder.java:79)
	at org.jboss.netty.channel.Channels.fireMessageReceived(Channels.java:296)
	at org.jboss.netty.handler.codec.replay.ReplayingDecoder.unfoldAndFireMessageReceived(ReplayingDecoder.java:522)
	at org.jboss.netty.handler.codec.replay.ReplayingDecoder.callDecode(ReplayingDecoder.java:501)
	at org.jboss.netty.handler.codec.replay.ReplayingDecoder.messageReceived(ReplayingDecoder.java:438)
	at org.jboss.netty.channel.Channels.fireMessageReceived(Channels.java:268)
	at org.jboss.netty.channel.Channels.fireMessageReceived(Channels.java:255)
	at org.jboss.netty.channel.socket.nio.NioWorker.read(NioWorker.java:343)
	at org.jboss.netty.channel.socket.nio.NioWorker.processSelectedKeys(NioWorker.java:274)
	at org.jboss.netty.channel.socket.nio.NioWorker.run(NioWorker.java:194)
	at java.util.concurrent.ThreadPoolExecutor$Worker.runTask(ThreadPoolExecutor.java:886)
	at java.util.concurrent.ThreadPoolExecutor$Worker.run(ThreadPoolExecutor.java:908)
	at java.lang.Thread.run(Thread.java:680)
[2012/06/02 04:27:18.272] [ERROR] [pool-5-thread-16] DefaultExceptionHandler exceptionCaught 
java.lang.NullPointerException
	at org.jboss.netty.buffer.ChannelBuffers.copiedBuffer(ChannelBuffers.java:564)
	at com.eincs.pantheon.handler.codec.http.PanteonHttpHandler.writeResponse(PanteonHttpHandler.java:275)
	at com.eincs.pantheon.handler.codec.http.PanteonHttpHandler.access$10(PanteonHttpHandler.java:247)
	at com.eincs.pantheon.handler.codec.http.PanteonHttpHandler$AbstractInvokeState.writeRequested(PanteonHttpHandler.java:303)
	at com.eincs.pantheon.handler.codec.http.PanteonHttpHandler.writeRequested(PanteonHttpHandler.java:106)
	at org.jboss.netty.handler.execution.ExecutionHandler.handleDownstream(ExecutionHandler.java:165)
	at com.eincs.pantheon.handler.codec.http.PanteonHttpProcessor.writeRequested(PanteonHttpProcessor.java:125)
	at org.jboss.netty.channel.Channels.write(Channels.java:605)
	at org.jboss.netty.channel.Channels.write(Channels.java:572)
	at com.eincs.pantheon.handler.codec.http.PanteonHttpHandler$1.messageReceived(PanteonHttpHandler.java:133)
	at com.eincs.pantheon.handler.codec.http.PanteonHttpHandler.messageReceived(PanteonHttpHandler.java:89)
	at org.jboss.netty.handler.codec.http.HttpContentEncoder.messageReceived(HttpContentEncoder.java:79)
	at org.jboss.netty.channel.Channels.fireMessageReceived(Channels.java:296)
	at org.jboss.netty.handler.codec.replay.ReplayingDecoder.unfoldAndFireMessageReceived(ReplayingDecoder.java:522)
	at org.jboss.netty.handler.codec.replay.ReplayingDecoder.callDecode(ReplayingDecoder.java:501)
	at org.jboss.netty.handler.codec.replay.ReplayingDecoder.messageReceived(ReplayingDecoder.java:438)
	at org.jboss.netty.channel.Channels.fireMessageReceived(Channels.java:268)
	at org.jboss.netty.channel.Channels.fireMessageReceived(Channels.java:255)
	at org.jboss.netty.channel.socket.nio.NioWorker.read(NioWorker.java:343)
	at org.jboss.netty.channel.socket.nio.NioWorker.processSelectedKeys(NioWorker.java:274)
	at org.jboss.netty.channel.socket.nio.NioWorker.run(NioWorker.java:194)
	at java.util.concurrent.ThreadPoolExecutor$Worker.runTask(ThreadPoolExecutor.java:886)
	at java.util.concurrent.ThreadPoolExecutor$Worker.run(ThreadPoolExecutor.java:908)
	at java.lang.Thread.run(Thread.java:680)
[2012/06/02 04:30:04.190] [ERROR] [pool-5-thread-24] DefaultExceptionHandler exceptionCaught 
java.lang.NullPointerException
	at org.jboss.netty.buffer.ChannelBuffers.copiedBuffer(ChannelBuffers.java:564)
	at com.eincs.pantheon.handler.codec.http.PanteonHttpHandler.writeResponse(PanteonHttpHandler.java:275)
	at com.eincs.pantheon.handler.codec.http.PanteonHttpHandler.access$10(PanteonHttpHandler.java:247)
	at com.eincs.pantheon.handler.codec.http.PanteonHttpHandler$AbstractInvokeState.writeRequested(PanteonHttpHandler.java:303)
	at com.eincs.pantheon.handler.codec.http.PanteonHttpHandler.writeRequested(PanteonHttpHandler.java:106)
	at org.jboss.netty.handler.execution.ExecutionHandler.handleDownstream(ExecutionHandler.java:165)
	at com.eincs.pantheon.handler.codec.http.PanteonHttpProcessor.writeRequested(PanteonHttpProcessor.java:125)
	at org.jboss.netty.channel.Channels.write(Channels.java:605)
	at org.jboss.netty.channel.Channels.write(Channels.java:572)
	at com.eincs.pantheon.handler.codec.http.PanteonHttpHandler$1.messageReceived(PanteonHttpHandler.java:133)
	at com.eincs.pantheon.handler.codec.http.PanteonHttpHandler.messageReceived(PanteonHttpHandler.java:89)
	at org.jboss.netty.handler.codec.http.HttpContentEncoder.messageReceived(HttpContentEncoder.java:79)
	at org.jboss.netty.channel.Channels.fireMessageReceived(Channels.java:296)
	at org.jboss.netty.handler.codec.replay.ReplayingDecoder.unfoldAndFireMessageReceived(ReplayingDecoder.java:522)
	at org.jboss.netty.handler.codec.replay.ReplayingDecoder.callDecode(ReplayingDecoder.java:501)
	at org.jboss.netty.handler.codec.replay.ReplayingDecoder.messageReceived(ReplayingDecoder.java:438)
	at org.jboss.netty.channel.Channels.fireMessageReceived(Channels.java:268)
	at org.jboss.netty.channel.Channels.fireMessageReceived(Channels.java:255)
	at org.jboss.netty.channel.socket.nio.NioWorker.read(NioWorker.java:343)
	at org.jboss.netty.channel.socket.nio.NioWorker.processSelectedKeys(NioWorker.java:274)
	at org.jboss.netty.channel.socket.nio.NioWorker.run(NioWorker.java:194)
	at java.util.concurrent.ThreadPoolExecutor$Worker.runTask(ThreadPoolExecutor.java:886)
	at java.util.concurrent.ThreadPoolExecutor$Worker.run(ThreadPoolExecutor.java:908)
	at java.lang.Thread.run(Thread.java:680)
[2012/06/02 04:30:16.938] [ERROR] [pool-5-thread-32] DefaultExceptionHandler exceptionCaught 
java.lang.NullPointerException
	at org.jboss.netty.buffer.ChannelBuffers.copiedBuffer(ChannelBuffers.java:564)
	at com.eincs.pantheon.handler.codec.http.PanteonHttpHandler.writeResponse(PanteonHttpHandler.java:275)
	at com.eincs.pantheon.handler.codec.http.PanteonHttpHandler.access$10(PanteonHttpHandler.java:247)
	at com.eincs.pantheon.handler.codec.http.PanteonHttpHandler$AbstractInvokeState.writeRequested(PanteonHttpHandler.java:303)
	at com.eincs.pantheon.handler.codec.http.PanteonHttpHandler.writeRequested(PanteonHttpHandler.java:106)
	at org.jboss.netty.handler.execution.ExecutionHandler.handleDownstream(ExecutionHandler.java:165)
	at com.eincs.pantheon.handler.codec.http.PanteonHttpProcessor.writeRequested(PanteonHttpProcessor.java:125)
	at org.jboss.netty.channel.Channels.write(Channels.java:605)
	at org.jboss.netty.channel.Channels.write(Channels.java:572)
	at com.eincs.pantheon.handler.codec.http.PanteonHttpHandler$1.messageReceived(PanteonHttpHandler.java:133)
	at com.eincs.pantheon.handler.codec.http.PanteonHttpHandler.messageReceived(PanteonHttpHandler.java:89)
	at org.jboss.netty.handler.codec.http.HttpContentEncoder.messageReceived(HttpContentEncoder.java:79)
	at org.jboss.netty.channel.Channels.fireMessageReceived(Channels.java:296)
	at org.jboss.netty.handler.codec.replay.ReplayingDecoder.unfoldAndFireMessageReceived(ReplayingDecoder.java:522)
	at org.jboss.netty.handler.codec.replay.ReplayingDecoder.callDecode(ReplayingDecoder.java:501)
	at org.jboss.netty.handler.codec.replay.ReplayingDecoder.messageReceived(ReplayingDecoder.java:438)
	at org.jboss.netty.channel.Channels.fireMessageReceived(Channels.java:268)
	at org.jboss.netty.channel.Channels.fireMessageReceived(Channels.java:255)
	at org.jboss.netty.channel.socket.nio.NioWorker.read(NioWorker.java:343)
	at org.jboss.netty.channel.socket.nio.NioWorker.processSelectedKeys(NioWorker.java:274)
	at org.jboss.netty.channel.socket.nio.NioWorker.run(NioWorker.java:194)
	at java.util.concurrent.ThreadPoolExecutor$Worker.runTask(ThreadPoolExecutor.java:886)
	at java.util.concurrent.ThreadPoolExecutor$Worker.run(ThreadPoolExecutor.java:908)
	at java.lang.Thread.run(Thread.java:680)
[2012/06/02 04:31:33.614] [ERROR] [pool-5-thread-48] DefaultExceptionHandler exceptionCaught 
java.lang.NullPointerException
	at org.jboss.netty.buffer.ChannelBuffers.copiedBuffer(ChannelBuffers.java:564)
	at com.eincs.pantheon.handler.codec.http.PanteonHttpHandler.writeResponse(PanteonHttpHandler.java:275)
	at com.eincs.pantheon.handler.codec.http.PanteonHttpHandler.access$10(PanteonHttpHandler.java:247)
	at com.eincs.pantheon.handler.codec.http.PanteonHttpHandler$AbstractInvokeState.writeRequested(PanteonHttpHandler.java:303)
	at com.eincs.pantheon.handler.codec.http.PanteonHttpHandler.writeRequested(PanteonHttpHandler.java:106)
	at org.jboss.netty.handler.execution.ExecutionHandler.handleDownstream(ExecutionHandler.java:165)
	at com.eincs.pantheon.handler.codec.http.PanteonHttpProcessor.writeRequested(PanteonHttpProcessor.java:125)
	at org.jboss.netty.channel.Channels.write(Channels.java:605)
	at org.jboss.netty.channel.Channels.write(Channels.java:572)
	at com.eincs.pantheon.handler.codec.http.PanteonHttpHandler$1.messageReceived(PanteonHttpHandler.java:133)
	at com.eincs.pantheon.handler.codec.http.PanteonHttpHandler.messageReceived(PanteonHttpHandler.java:89)
	at org.jboss.netty.handler.codec.http.HttpContentEncoder.messageReceived(HttpContentEncoder.java:79)
	at org.jboss.netty.channel.Channels.fireMessageReceived(Channels.java:296)
	at org.jboss.netty.handler.codec.replay.ReplayingDecoder.unfoldAndFireMessageReceived(ReplayingDecoder.java:522)
	at org.jboss.netty.handler.codec.replay.ReplayingDecoder.callDecode(ReplayingDecoder.java:501)
	at org.jboss.netty.handler.codec.replay.ReplayingDecoder.messageReceived(ReplayingDecoder.java:438)
	at org.jboss.netty.channel.Channels.fireMessageReceived(Channels.java:268)
	at org.jboss.netty.channel.Channels.fireMessageReceived(Channels.java:255)
	at org.jboss.netty.channel.socket.nio.NioWorker.read(NioWorker.java:343)
	at org.jboss.netty.channel.socket.nio.NioWorker.processSelectedKeys(NioWorker.java:274)
	at org.jboss.netty.channel.socket.nio.NioWorker.run(NioWorker.java:194)
	at java.util.concurrent.ThreadPoolExecutor$Worker.runTask(ThreadPoolExecutor.java:886)
	at java.util.concurrent.ThreadPoolExecutor$Worker.run(ThreadPoolExecutor.java:908)
	at java.lang.Thread.run(Thread.java:680)
[2012/06/02 04:32:58.693] [ERROR] [pool-5-thread-60] DefaultExceptionHandler exceptionCaught 
java.lang.NullPointerException
	at org.jboss.netty.buffer.ChannelBuffers.copiedBuffer(ChannelBuffers.java:564)
	at com.eincs.pantheon.handler.codec.http.PanteonHttpHandler.writeResponse(PanteonHttpHandler.java:275)
	at com.eincs.pantheon.handler.codec.http.PanteonHttpHandler.access$10(PanteonHttpHandler.java:247)
	at com.eincs.pantheon.handler.codec.http.PanteonHttpHandler$AbstractInvokeState.writeRequested(PanteonHttpHandler.java:303)
	at com.eincs.pantheon.handler.codec.http.PanteonHttpHandler.writeRequested(PanteonHttpHandler.java:106)
	at org.jboss.netty.handler.execution.ExecutionHandler.handleDownstream(ExecutionHandler.java:165)
	at com.eincs.pantheon.handler.codec.http.PanteonHttpProcessor.writeRequested(PanteonHttpProcessor.java:125)
	at org.jboss.netty.channel.Channels.write(Channels.java:605)
	at org.jboss.netty.channel.Channels.write(Channels.java:572)
	at com.eincs.pantheon.handler.codec.http.PanteonHttpHandler$1.messageReceived(PanteonHttpHandler.java:133)
	at com.eincs.pantheon.handler.codec.http.PanteonHttpHandler.messageReceived(PanteonHttpHandler.java:89)
	at org.jboss.netty.handler.codec.http.HttpContentEncoder.messageReceived(HttpContentEncoder.java:79)
	at org.jboss.netty.channel.Channels.fireMessageReceived(Channels.java:296)
	at org.jboss.netty.handler.codec.replay.ReplayingDecoder.unfoldAndFireMessageReceived(ReplayingDecoder.java:522)
	at org.jboss.netty.handler.codec.replay.ReplayingDecoder.callDecode(ReplayingDecoder.java:501)
	at org.jboss.netty.handler.codec.replay.ReplayingDecoder.messageReceived(ReplayingDecoder.java:438)
	at org.jboss.netty.channel.Channels.fireMessageReceived(Channels.java:268)
	at org.jboss.netty.channel.Channels.fireMessageReceived(Channels.java:255)
	at org.jboss.netty.channel.socket.nio.NioWorker.read(NioWorker.java:343)
	at org.jboss.netty.channel.socket.nio.NioWorker.processSelectedKeys(NioWorker.java:274)
	at org.jboss.netty.channel.socket.nio.NioWorker.run(NioWorker.java:194)
	at java.util.concurrent.ThreadPoolExecutor$Worker.runTask(ThreadPoolExecutor.java:886)
	at java.util.concurrent.ThreadPoolExecutor$Worker.run(ThreadPoolExecutor.java:908)
	at java.lang.Thread.run(Thread.java:680)
[2012/06/02 04:34:38.239] [ERROR] [pool-5-thread-8] DefaultExceptionHandler exceptionCaught 
java.lang.NullPointerException
	at org.jboss.netty.buffer.ChannelBuffers.copiedBuffer(ChannelBuffers.java:564)
	at com.eincs.pantheon.handler.codec.http.PanteonHttpHandler.writeResponse(PanteonHttpHandler.java:275)
	at com.eincs.pantheon.handler.codec.http.PanteonHttpHandler.access$10(PanteonHttpHandler.java:247)
	at com.eincs.pantheon.handler.codec.http.PanteonHttpHandler$AbstractInvokeState.writeRequested(PanteonHttpHandler.java:303)
	at com.eincs.pantheon.handler.codec.http.PanteonHttpHandler.writeRequested(PanteonHttpHandler.java:106)
	at org.jboss.netty.handler.execution.ExecutionHandler.handleDownstream(ExecutionHandler.java:165)
	at com.eincs.pantheon.handler.codec.http.PanteonHttpProcessor.writeRequested(PanteonHttpProcessor.java:125)
	at org.jboss.netty.channel.Channels.write(Channels.java:605)
	at org.jboss.netty.channel.Channels.write(Channels.java:572)
	at com.eincs.pantheon.handler.codec.http.PanteonHttpHandler$1.messageReceived(PanteonHttpHandler.java:133)
	at com.eincs.pantheon.handler.codec.http.PanteonHttpHandler.messageReceived(PanteonHttpHandler.java:89)
	at org.jboss.netty.handler.codec.http.HttpContentEncoder.messageReceived(HttpContentEncoder.java:79)
	at org.jboss.netty.channel.Channels.fireMessageReceived(Channels.java:296)
	at org.jboss.netty.handler.codec.replay.ReplayingDecoder.unfoldAndFireMessageReceived(ReplayingDecoder.java:522)
	at org.jboss.netty.handler.codec.replay.ReplayingDecoder.callDecode(ReplayingDecoder.java:501)
	at org.jboss.netty.handler.codec.replay.ReplayingDecoder.messageReceived(ReplayingDecoder.java:438)
	at org.jboss.netty.channel.Channels.fireMessageReceived(Channels.java:268)
	at org.jboss.netty.channel.Channels.fireMessageReceived(Channels.java:255)
	at org.jboss.netty.channel.socket.nio.NioWorker.read(NioWorker.java:343)
	at org.jboss.netty.channel.socket.nio.NioWorker.processSelectedKeys(NioWorker.java:274)
	at org.jboss.netty.channel.socket.nio.NioWorker.run(NioWorker.java:194)
	at java.util.concurrent.ThreadPoolExecutor$Worker.runTask(ThreadPoolExecutor.java:886)
	at java.util.concurrent.ThreadPoolExecutor$Worker.run(ThreadPoolExecutor.java:908)
	at java.lang.Thread.run(Thread.java:680)
[2012/06/02 04:35:48.596] [ERROR] [pool-5-thread-8] DefaultExceptionHandler exceptionCaught 
java.lang.NullPointerException
	at org.jboss.netty.buffer.ChannelBuffers.copiedBuffer(ChannelBuffers.java:564)
	at com.eincs.pantheon.handler.codec.http.PanteonHttpHandler.writeResponse(PanteonHttpHandler.java:275)
	at com.eincs.pantheon.handler.codec.http.PanteonHttpHandler.access$10(PanteonHttpHandler.java:247)
	at com.eincs.pantheon.handler.codec.http.PanteonHttpHandler$AbstractInvokeState.writeRequested(PanteonHttpHandler.java:303)
	at com.eincs.pantheon.handler.codec.http.PanteonHttpHandler.writeRequested(PanteonHttpHandler.java:106)
	at org.jboss.netty.handler.execution.ExecutionHandler.handleDownstream(ExecutionHandler.java:165)
	at com.eincs.pantheon.handler.codec.http.PanteonHttpProcessor.writeRequested(PanteonHttpProcessor.java:125)
	at org.jboss.netty.channel.Channels.write(Channels.java:605)
	at org.jboss.netty.channel.Channels.write(Channels.java:572)
	at com.eincs.pantheon.handler.codec.http.PanteonHttpHandler$1.messageReceived(PanteonHttpHandler.java:133)
	at com.eincs.pantheon.handler.codec.http.PanteonHttpHandler.messageReceived(PanteonHttpHandler.java:89)
	at org.jboss.netty.handler.codec.http.HttpContentEncoder.messageReceived(HttpContentEncoder.java:79)
	at org.jboss.netty.channel.Channels.fireMessageReceived(Channels.java:296)
	at org.jboss.netty.handler.codec.replay.ReplayingDecoder.unfoldAndFireMessageReceived(ReplayingDecoder.java:522)
	at org.jboss.netty.handler.codec.replay.ReplayingDecoder.callDecode(ReplayingDecoder.java:501)
	at org.jboss.netty.handler.codec.replay.ReplayingDecoder.messageReceived(ReplayingDecoder.java:438)
	at org.jboss.netty.channel.Channels.fireMessageReceived(Channels.java:268)
	at org.jboss.netty.channel.Channels.fireMessageReceived(Channels.java:255)
	at org.jboss.netty.channel.socket.nio.NioWorker.read(NioWorker.java:343)
	at org.jboss.netty.channel.socket.nio.NioWorker.processSelectedKeys(NioWorker.java:274)
	at org.jboss.netty.channel.socket.nio.NioWorker.run(NioWorker.java:194)
	at java.util.concurrent.ThreadPoolExecutor$Worker.runTask(ThreadPoolExecutor.java:886)
	at java.util.concurrent.ThreadPoolExecutor$Worker.run(ThreadPoolExecutor.java:908)
	at java.lang.Thread.run(Thread.java:680)
[2012/06/02 04:36:04.442] [ERROR] [pool-5-thread-8] DefaultExceptionHandler exceptionCaught 
java.lang.NullPointerException
	at org.jboss.netty.buffer.ChannelBuffers.copiedBuffer(ChannelBuffers.java:564)
	at com.eincs.pantheon.handler.codec.http.PanteonHttpHandler.writeResponse(PanteonHttpHandler.java:275)
	at com.eincs.pantheon.handler.codec.http.PanteonHttpHandler.access$10(PanteonHttpHandler.java:247)
	at com.eincs.pantheon.handler.codec.http.PanteonHttpHandler$AbstractInvokeState.writeRequested(PanteonHttpHandler.java:303)
	at com.eincs.pantheon.handler.codec.http.PanteonHttpHandler.writeRequested(PanteonHttpHandler.java:106)
	at org.jboss.netty.handler.execution.ExecutionHandler.handleDownstream(ExecutionHandler.java:165)
	at com.eincs.pantheon.handler.codec.http.PanteonHttpProcessor.writeRequested(PanteonHttpProcessor.java:125)
	at org.jboss.netty.channel.Channels.write(Channels.java:605)
	at org.jboss.netty.channel.Channels.write(Channels.java:572)
	at com.eincs.pantheon.handler.codec.http.PanteonHttpHandler$1.messageReceived(PanteonHttpHandler.java:133)
	at com.eincs.pantheon.handler.codec.http.PanteonHttpHandler.messageReceived(PanteonHttpHandler.java:89)
	at org.jboss.netty.handler.codec.http.HttpContentEncoder.messageReceived(HttpContentEncoder.java:79)
	at org.jboss.netty.channel.Channels.fireMessageReceived(Channels.java:296)
	at org.jboss.netty.handler.codec.replay.ReplayingDecoder.unfoldAndFireMessageReceived(ReplayingDecoder.java:522)
	at org.jboss.netty.handler.codec.replay.ReplayingDecoder.callDecode(ReplayingDecoder.java:501)
	at org.jboss.netty.handler.codec.replay.ReplayingDecoder.messageReceived(ReplayingDecoder.java:438)
	at org.jboss.netty.channel.Channels.fireMessageReceived(Channels.java:268)
	at org.jboss.netty.channel.Channels.fireMessageReceived(Channels.java:255)
	at org.jboss.netty.channel.socket.nio.NioWorker.read(NioWorker.java:343)
	at org.jboss.netty.channel.socket.nio.NioWorker.processSelectedKeys(NioWorker.java:274)
	at org.jboss.netty.channel.socket.nio.NioWorker.run(NioWorker.java:194)
	at java.util.concurrent.ThreadPoolExecutor$Worker.runTask(ThreadPoolExecutor.java:886)
	at java.util.concurrent.ThreadPoolExecutor$Worker.run(ThreadPoolExecutor.java:908)
	at java.lang.Thread.run(Thread.java:680)
[2012/06/02 04:36:24.296] [ERROR] [pool-5-thread-8] DefaultExceptionHandler exceptionCaught 
java.lang.NullPointerException
	at org.jboss.netty.buffer.ChannelBuffers.copiedBuffer(ChannelBuffers.java:564)
	at com.eincs.pantheon.handler.codec.http.PanteonHttpHandler.writeResponse(PanteonHttpHandler.java:275)
	at com.eincs.pantheon.handler.codec.http.PanteonHttpHandler.access$10(PanteonHttpHandler.java:247)
	at com.eincs.pantheon.handler.codec.http.PanteonHttpHandler$AbstractInvokeState.writeRequested(PanteonHttpHandler.java:303)
	at com.eincs.pantheon.handler.codec.http.PanteonHttpHandler.writeRequested(PanteonHttpHandler.java:106)
	at org.jboss.netty.handler.execution.ExecutionHandler.handleDownstream(ExecutionHandler.java:165)
	at com.eincs.pantheon.handler.codec.http.PanteonHttpProcessor.writeRequested(PanteonHttpProcessor.java:125)
	at org.jboss.netty.channel.Channels.write(Channels.java:605)
	at org.jboss.netty.channel.Channels.write(Channels.java:572)
	at com.eincs.pantheon.handler.codec.http.PanteonHttpHandler$1.messageReceived(PanteonHttpHandler.java:133)
	at com.eincs.pantheon.handler.codec.http.PanteonHttpHandler.messageReceived(PanteonHttpHandler.java:89)
	at org.jboss.netty.handler.codec.http.HttpContentEncoder.messageReceived(HttpContentEncoder.java:79)
	at org.jboss.netty.channel.Channels.fireMessageReceived(Channels.java:296)
	at org.jboss.netty.handler.codec.replay.ReplayingDecoder.unfoldAndFireMessageReceived(ReplayingDecoder.java:522)
	at org.jboss.netty.handler.codec.replay.ReplayingDecoder.callDecode(ReplayingDecoder.java:501)
	at org.jboss.netty.handler.codec.replay.ReplayingDecoder.messageReceived(ReplayingDecoder.java:438)
	at org.jboss.netty.channel.Channels.fireMessageReceived(Channels.java:268)
	at org.jboss.netty.channel.Channels.fireMessageReceived(Channels.java:255)
	at org.jboss.netty.channel.socket.nio.NioWorker.read(NioWorker.java:343)
	at org.jboss.netty.channel.socket.nio.NioWorker.processSelectedKeys(NioWorker.java:274)
	at org.jboss.netty.channel.socket.nio.NioWorker.run(NioWorker.java:194)
	at java.util.concurrent.ThreadPoolExecutor$Worker.runTask(ThreadPoolExecutor.java:886)
	at java.util.concurrent.ThreadPoolExecutor$Worker.run(ThreadPoolExecutor.java:908)
	at java.lang.Thread.run(Thread.java:680)
[2012/06/02 04:37:11.374] [ERROR] [pool-5-thread-8] DefaultExceptionHandler exceptionCaught 
java.lang.NullPointerException
	at org.jboss.netty.buffer.ChannelBuffers.copiedBuffer(ChannelBuffers.java:564)
	at com.eincs.pantheon.handler.codec.http.PanteonHttpHandler.writeResponse(PanteonHttpHandler.java:275)
	at com.eincs.pantheon.handler.codec.http.PanteonHttpHandler.access$10(PanteonHttpHandler.java:247)
	at com.eincs.pantheon.handler.codec.http.PanteonHttpHandler$AbstractInvokeState.writeRequested(PanteonHttpHandler.java:303)
	at com.eincs.pantheon.handler.codec.http.PanteonHttpHandler.writeRequested(PanteonHttpHandler.java:106)
	at org.jboss.netty.handler.execution.ExecutionHandler.handleDownstream(ExecutionHandler.java:165)
	at com.eincs.pantheon.handler.codec.http.PanteonHttpProcessor.writeRequested(PanteonHttpProcessor.java:125)
	at org.jboss.netty.channel.Channels.write(Channels.java:605)
	at org.jboss.netty.channel.Channels.write(Channels.java:572)
	at com.eincs.pantheon.handler.codec.http.PanteonHttpHandler$1.messageReceived(PanteonHttpHandler.java:133)
	at com.eincs.pantheon.handler.codec.http.PanteonHttpHandler.messageReceived(PanteonHttpHandler.java:89)
	at org.jboss.netty.handler.codec.http.HttpContentEncoder.messageReceived(HttpContentEncoder.java:79)
	at org.jboss.netty.channel.Channels.fireMessageReceived(Channels.java:296)
	at org.jboss.netty.handler.codec.replay.ReplayingDecoder.unfoldAndFireMessageReceived(ReplayingDecoder.java:522)
	at org.jboss.netty.handler.codec.replay.ReplayingDecoder.callDecode(ReplayingDecoder.java:501)
	at org.jboss.netty.handler.codec.replay.ReplayingDecoder.messageReceived(ReplayingDecoder.java:438)
	at org.jboss.netty.channel.Channels.fireMessageReceived(Channels.java:268)
	at org.jboss.netty.channel.Channels.fireMessageReceived(Channels.java:255)
	at org.jboss.netty.channel.socket.nio.NioWorker.read(NioWorker.java:343)
	at org.jboss.netty.channel.socket.nio.NioWorker.processSelectedKeys(NioWorker.java:274)
	at org.jboss.netty.channel.socket.nio.NioWorker.run(NioWorker.java:194)
	at java.util.concurrent.ThreadPoolExecutor$Worker.runTask(ThreadPoolExecutor.java:886)
	at java.util.concurrent.ThreadPoolExecutor$Worker.run(ThreadPoolExecutor.java:908)
	at java.lang.Thread.run(Thread.java:680)
[2012/06/02 04:38:52.144] [ERROR] [pool-5-thread-8] DefaultExceptionHandler exceptionCaught 
java.lang.NullPointerException
	at org.jboss.netty.buffer.ChannelBuffers.copiedBuffer(ChannelBuffers.java:564)
	at com.eincs.pantheon.handler.codec.http.PanteonHttpHandler.writeResponse(PanteonHttpHandler.java:275)
	at com.eincs.pantheon.handler.codec.http.PanteonHttpHandler.access$10(PanteonHttpHandler.java:247)
	at com.eincs.pantheon.handler.codec.http.PanteonHttpHandler$AbstractInvokeState.writeRequested(PanteonHttpHandler.java:303)
	at com.eincs.pantheon.handler.codec.http.PanteonHttpHandler.writeRequested(PanteonHttpHandler.java:106)
	at org.jboss.netty.handler.execution.ExecutionHandler.handleDownstream(ExecutionHandler.java:165)
	at com.eincs.pantheon.handler.codec.http.PanteonHttpProcessor.writeRequested(PanteonHttpProcessor.java:125)
	at org.jboss.netty.channel.Channels.write(Channels.java:605)
	at org.jboss.netty.channel.Channels.write(Channels.java:572)
	at com.eincs.pantheon.handler.codec.http.PanteonHttpHandler$1.messageReceived(PanteonHttpHandler.java:133)
	at com.eincs.pantheon.handler.codec.http.PanteonHttpHandler.messageReceived(PanteonHttpHandler.java:89)
	at org.jboss.netty.handler.codec.http.HttpContentEncoder.messageReceived(HttpContentEncoder.java:79)
	at org.jboss.netty.channel.Channels.fireMessageReceived(Channels.java:296)
	at org.jboss.netty.handler.codec.replay.ReplayingDecoder.unfoldAndFireMessageReceived(ReplayingDecoder.java:522)
	at org.jboss.netty.handler.codec.replay.ReplayingDecoder.callDecode(ReplayingDecoder.java:501)
	at org.jboss.netty.handler.codec.replay.ReplayingDecoder.messageReceived(ReplayingDecoder.java:438)
	at org.jboss.netty.channel.Channels.fireMessageReceived(Channels.java:268)
	at org.jboss.netty.channel.Channels.fireMessageReceived(Channels.java:255)
	at org.jboss.netty.channel.socket.nio.NioWorker.read(NioWorker.java:343)
	at org.jboss.netty.channel.socket.nio.NioWorker.processSelectedKeys(NioWorker.java:274)
	at org.jboss.netty.channel.socket.nio.NioWorker.run(NioWorker.java:194)
	at java.util.concurrent.ThreadPoolExecutor$Worker.runTask(ThreadPoolExecutor.java:886)
	at java.util.concurrent.ThreadPoolExecutor$Worker.run(ThreadPoolExecutor.java:908)
	at java.lang.Thread.run(Thread.java:680)
[2012/06/02 04:40:54.521] [ERROR] [pool-5-thread-8] DefaultExceptionHandler exceptionCaught 
java.lang.NullPointerException
	at org.jboss.netty.buffer.ChannelBuffers.copiedBuffer(ChannelBuffers.java:564)
	at com.eincs.pantheon.handler.codec.http.PanteonHttpHandler.writeResponse(PanteonHttpHandler.java:275)
	at com.eincs.pantheon.handler.codec.http.PanteonHttpHandler.access$10(PanteonHttpHandler.java:247)
	at com.eincs.pantheon.handler.codec.http.PanteonHttpHandler$AbstractInvokeState.writeRequested(PanteonHttpHandler.java:303)
	at com.eincs.pantheon.handler.codec.http.PanteonHttpHandler.writeRequested(PanteonHttpHandler.java:106)
	at org.jboss.netty.handler.execution.ExecutionHandler.handleDownstream(ExecutionHandler.java:165)
	at com.eincs.pantheon.handler.codec.http.PanteonHttpProcessor.writeRequested(PanteonHttpProcessor.java:125)
	at org.jboss.netty.channel.Channels.write(Channels.java:605)
	at org.jboss.netty.channel.Channels.write(Channels.java:572)
	at com.eincs.pantheon.handler.codec.http.PanteonHttpHandler$1.messageReceived(PanteonHttpHandler.java:133)
	at com.eincs.pantheon.handler.codec.http.PanteonHttpHandler.messageReceived(PanteonHttpHandler.java:89)
	at org.jboss.netty.handler.codec.http.HttpContentEncoder.messageReceived(HttpContentEncoder.java:79)
	at org.jboss.netty.channel.Channels.fireMessageReceived(Channels.java:296)
	at org.jboss.netty.handler.codec.replay.ReplayingDecoder.unfoldAndFireMessageReceived(ReplayingDecoder.java:522)
	at org.jboss.netty.handler.codec.replay.ReplayingDecoder.callDecode(ReplayingDecoder.java:501)
	at org.jboss.netty.handler.codec.replay.ReplayingDecoder.messageReceived(ReplayingDecoder.java:438)
	at org.jboss.netty.channel.Channels.fireMessageReceived(Channels.java:268)
	at org.jboss.netty.channel.Channels.fireMessageReceived(Channels.java:255)
	at org.jboss.netty.channel.socket.nio.NioWorker.read(NioWorker.java:343)
	at org.jboss.netty.channel.socket.nio.NioWorker.processSelectedKeys(NioWorker.java:274)
	at org.jboss.netty.channel.socket.nio.NioWorker.run(NioWorker.java:194)
	at java.util.concurrent.ThreadPoolExecutor$Worker.runTask(ThreadPoolExecutor.java:886)
	at java.util.concurrent.ThreadPoolExecutor$Worker.run(ThreadPoolExecutor.java:908)
	at java.lang.Thread.run(Thread.java:680)
[2012/06/02 04:41:21.060] [ERROR] [pool-5-thread-16] DefaultExceptionHandler exceptionCaught 
java.lang.NullPointerException
	at org.jboss.netty.buffer.ChannelBuffers.copiedBuffer(ChannelBuffers.java:564)
	at com.eincs.pantheon.handler.codec.http.PanteonHttpHandler.writeResponse(PanteonHttpHandler.java:275)
	at com.eincs.pantheon.handler.codec.http.PanteonHttpHandler.access$10(PanteonHttpHandler.java:247)
	at com.eincs.pantheon.handler.codec.http.PanteonHttpHandler$AbstractInvokeState.writeRequested(PanteonHttpHandler.java:303)
	at com.eincs.pantheon.handler.codec.http.PanteonHttpHandler.writeRequested(PanteonHttpHandler.java:106)
	at org.jboss.netty.handler.execution.ExecutionHandler.handleDownstream(ExecutionHandler.java:165)
	at com.eincs.pantheon.handler.codec.http.PanteonHttpProcessor.writeRequested(PanteonHttpProcessor.java:125)
	at org.jboss.netty.channel.Channels.write(Channels.java:605)
	at org.jboss.netty.channel.Channels.write(Channels.java:572)
	at com.eincs.pantheon.handler.codec.http.PanteonHttpHandler$1.messageReceived(PanteonHttpHandler.java:133)
	at com.eincs.pantheon.handler.codec.http.PanteonHttpHandler.messageReceived(PanteonHttpHandler.java:89)
	at org.jboss.netty.handler.codec.http.HttpContentEncoder.messageReceived(HttpContentEncoder.java:79)
	at org.jboss.netty.channel.Channels.fireMessageReceived(Channels.java:296)
	at org.jboss.netty.handler.codec.replay.ReplayingDecoder.unfoldAndFireMessageReceived(ReplayingDecoder.java:522)
	at org.jboss.netty.handler.codec.replay.ReplayingDecoder.callDecode(ReplayingDecoder.java:501)
	at org.jboss.netty.handler.codec.replay.ReplayingDecoder.messageReceived(ReplayingDecoder.java:438)
	at org.jboss.netty.channel.Channels.fireMessageReceived(Channels.java:268)
	at org.jboss.netty.channel.Channels.fireMessageReceived(Channels.java:255)
	at org.jboss.netty.channel.socket.nio.NioWorker.read(NioWorker.java:343)
	at org.jboss.netty.channel.socket.nio.NioWorker.processSelectedKeys(NioWorker.java:274)
	at org.jboss.netty.channel.socket.nio.NioWorker.run(NioWorker.java:194)
	at java.util.concurrent.ThreadPoolExecutor$Worker.runTask(ThreadPoolExecutor.java:886)
	at java.util.concurrent.ThreadPoolExecutor$Worker.run(ThreadPoolExecutor.java:908)
	at java.lang.Thread.run(Thread.java:680)
[2012/06/02 04:49:40.372] [ WARN] [main] ResponseProcessCookies processCookies Invalid cookie header: "Set-Cookie: ". Cookie name may not be empty
[2012/06/02 04:50:30.930] [ WARN] [main] ResponseProcessCookies processCookies Invalid cookie header: "Set-Cookie: ". Cookie name may not be empty
[2012/06/02 04:50:49.999] [ WARN] [main] ResponseProcessCookies processCookies Invalid cookie header: "Set-Cookie: ". Cookie name may not be empty
[2012/06/02 04:51:15.280] [ WARN] [main] ResponseProcessCookies processCookies Invalid cookie header: "Set-Cookie: ". Cookie name may not be empty
[2012/06/02 04:55:01.575] [ INFO] [main] RateLimitAnalyzer <init> option:{Va2=asdf, Stream=1}
[2012/06/02 04:55:07.680] [ INFO] [pool-5-thread-4] RateLimitAnalyzer <init> option:{Va2=asdf, Stream=1}
[2012/06/02 04:56:14.320] [ INFO] [main] RateLimitAnalyzer <init> option:{Va2=asdf, Stream=1}
[2012/06/02 04:56:17.712] [ INFO] [pool-5-thread-4] RateLimitAnalyzer <init> option:{Va2=asdf, Stream=1}
[2012/06/02 04:57:06.252] [ INFO] [main] RateLimitAnalyzer <init> option:{Va2=asdf, Stream=1}
[2012/06/02 04:57:06.255] [ INFO] [main] Analyzers configure configure analyzers [1]
[2012/06/02 04:57:09.530] [ INFO] [pool-5-thread-4] RateLimitAnalyzer <init> option:{Va2=asdf, Stream=1}
[2012/06/02 04:57:09.531] [ INFO] [pool-5-thread-4] Analyzers configure configure analyzers [1]
